[23:18:04] [main/INFO]: Setting user: Orcinuss
[23:18:05] [Client thread/INFO]: LWJGL Version: 2.9.1
[23:18:10] [Client thread/INFO]: Reloading ResourceManager: Default, FMLFileResourcePack:Forge Mod Loader, FMLFileResourcePack:Minecraft Forge, FMLFileResourcePack:Reinforced Tools
[23:18:11] [Client thread/ERROR]: Using missing texture, unable to load rtm:textures/blocks/compacted_coal_block.png
java.io.FileNotFoundException: rtm:textures/blocks/compacted_coal_block.png
	at net.minecraft.client.resources.FallbackResourceManager.getResource(FallbackResourceManager.java:65) ~[FallbackResourceManager.class:?]
	at net.minecraft.client.resources.SimpleReloadableResourceManager.getResource(SimpleReloadableResourceManager.java:67) ~[SimpleReloadableResourceManager.class:?]
	at net.minecraft.client.renderer.texture.TextureMap.loadTextureAtlas(TextureMap.java:126) [TextureMap.class:?]
	at net.minecraft.client.renderer.texture.TextureMap.loadTexture(TextureMap.java:91) [TextureMap.class:?]
	at net.minecraft.client.renderer.texture.TextureManager.loadTexture(TextureManager.java:89) [TextureManager.class:?]
	at net.minecraft.client.renderer.texture.TextureManager.loadTickableTexture(TextureManager.java:71) [TextureManager.class:?]
	at net.minecraft.client.renderer.texture.TextureManager.loadTextureMap(TextureManager.java:58) [TextureManager.class:?]
	at net.minecraft.client.Minecraft.startGame(Minecraft.java:592) [Minecraft.class:?]
	at net.minecraft.client.Minecraft.run(Minecraft.java:941) [Minecraft.class:?]
	at net.minecraft.client.main.Main.main(Main.java:164) [Main.class:?]
	at sun.reflect.NativeMethodAccessorImpl.invoke0(Native Method) ~[?:1.6.0_65]
	at sun.reflect.NativeMethodAccessorImpl.invoke(NativeMethodAccessorImpl.java:39) ~[?:1.6.0_65]
	at sun.reflect.DelegatingMethodAccessorImpl.invoke(DelegatingMethodAccessorImpl.java:25) ~[?:1.6.0_65]
	at java.lang.reflect.Method.invoke(Method.java:597) ~[?:1.6.0_65]
	at net.minecraft.launchwrapper.Launch.launch(Launch.java:134) [launchwrapper-1.9.jar:?]
	at net.minecraft.launchwrapper.Launch.main(Launch.java:28) [launchwrapper-1.9.jar:?]
[23:18:11] [Sound Library Loader/INFO]: Sound engine started
[23:18:11] [Client thread/INFO]: Created: 512x256 textures/blocks-atlas
[23:18:11] [Client thread/INFO]: Created: 256x256 textures/items-atlas
[23:18:11] [Client thread/INFO]: Reloading ResourceManager: Default, FMLFileResourcePack:Forge Mod Loader, FMLFileResourcePack:Minecraft Forge, FMLFileResourcePack:Reinforced Tools
[23:18:11] [Client thread/INFO]: Created: 256x256 textures/items-atlas
[23:18:11] [Client thread/ERROR]: Using missing texture, unable to load rtm:textures/blocks/compacted_coal_block.png
java.io.FileNotFoundException: rtm:textures/blocks/compacted_coal_block.png
	at net.minecraft.client.resources.FallbackResourceManager.getResource(FallbackResourceManager.java:65) ~[FallbackResourceManager.class:?]
	at net.minecraft.client.resources.SimpleReloadableResourceManager.getResource(SimpleReloadableResourceManager.java:67) ~[SimpleReloadableResourceManager.class:?]
	at net.minecraft.client.renderer.texture.TextureMap.loadTextureAtlas(TextureMap.java:126) [TextureMap.class:?]
	at net.minecraft.client.renderer.texture.TextureMap.loadTexture(TextureMap.java:91) [TextureMap.class:?]
	at net.minecraft.client.renderer.texture.TextureManager.loadTexture(TextureManager.java:89) [TextureManager.class:?]
	at net.minecraft.client.renderer.texture.TextureManager.onResourceManagerReload(TextureManager.java:170) [TextureManager.class:?]
	at net.minecraft.client.resources.SimpleReloadableResourceManager.notifyReloadListeners(SimpleReloadableResourceManager.java:134) [SimpleReloadableResourceManager.class:?]
	at net.minecraft.client.resources.SimpleReloadableResourceManager.reloadResources(SimpleReloadableResourceManager.java:118) [SimpleReloadableResourceManager.class:?]
	at net.minecraft.client.Minecraft.refreshResources(Minecraft.java:653) [Minecraft.class:?]
	at cpw.mods.fml.client.FMLClientHandler.finishMinecraftLoading(FMLClientHandler.java:303) [FMLClientHandler.class:?]
	at net.minecraft.client.Minecraft.startGame(Minecraft.java:596) [Minecraft.class:?]
	at net.minecraft.client.Minecraft.run(Minecraft.java:941) [Minecraft.class:?]
	at net.minecraft.client.main.Main.main(Main.java:164) [Main.class:?]
	at sun.reflect.NativeMethodAccessorImpl.invoke0(Native Method) ~[?:1.6.0_65]
	at sun.reflect.NativeMethodAccessorImpl.invoke(NativeMethodAccessorImpl.java:39) ~[?:1.6.0_65]
	at sun.reflect.DelegatingMethodAccessorImpl.invoke(DelegatingMethodAccessorImpl.java:25) ~[?:1.6.0_65]
	at java.lang.reflect.Method.invoke(Method.java:597) ~[?:1.6.0_65]
	at net.minecraft.launchwrapper.Launch.launch(Launch.java:134) [launchwrapper-1.9.jar:?]
	at net.minecraft.launchwrapper.Launch.main(Launch.java:28) [launchwrapper-1.9.jar:?]
[23:18:12] [Client thread/INFO]: Created: 512x256 textures/blocks-atlas
[23:18:12] [Sound Library Loader/INFO]: Sound engine started
[23:18:18] [Client thread/WARN]: Unable to play unknown soundEvent: minecraft:music.menu
[23:18:26] [Client thread/WARN]: Unable to play unknown soundEvent: minecraft:music.menu
[23:18:27] [Client thread/WARN]: Unable to play unknown soundEvent: minecraft:gui.button.press
[23:18:29] [Client thread/WARN]: Unable to play unknown soundEvent: minecraft:gui.button.press
[23:18:29] [Client thread/WARN]: Unable to play unknown soundEvent: minecraft:gui.button.press
[23:18:30] [Client thread/WARN]: Unable to play unknown soundEvent: minecraft:gui.button.press
[23:18:32] [Server thread/INFO]: Starting integrated minecraft server version 1.7.10
[23:18:32] [Server thread/INFO]: Generating keypair
[23:18:32] [Server thread/INFO]: Preparing start region for level 0
[23:18:33] [Server thread/INFO]: Preparing spawn area: 90%
[23:18:33] [Server thread/INFO]: Changing view distance to 12, from 10
[23:18:34] [Server thread/INFO]: Orcinuss[local:E:763e1b6e] logged in with entity id 372 at (87.21487982987495, 77.0, 278.75041974920265)
[23:18:34] [Server thread/INFO]: Orcinuss joined the game
[23:18:35] [Client thread/WARN]: Unable to play unknown soundEvent: minecraft:music.game.creative
[23:18:42] [Client thread/WARN]: Unable to play unknown soundEvent: minecraft:dig.grass
[23:18:53] [Client thread/WARN]: Unable to play unknown soundEvent: minecraft:dig.grass
[23:18:57] [Client thread/WARN]: Unable to play unknown soundEvent: minecraft:dig.grass
[23:19:00] [Client thread/WARN]: Unable to play unknown soundEvent: minecraft:dig.grass
[23:19:09] [Client thread/WARN]: Unable to play unknown soundEvent: minecraft:mob.bat.takeoff
[23:19:12] [Client thread/WARN]: Unable to play unknown soundEvent: minecraft:mob.bat.takeoff
[23:19:12] [Client thread/WARN]: Unable to play unknown soundEvent: minecraft:mob.bat.takeoff
[23:19:12] [Client thread/WARN]: Unable to play unknown soundEvent: minecraft:mob.bat.takeoff
[23:19:13] [Client thread/WARN]: Unable to play unknown soundEvent: minecraft:dig.grass
[23:19:17] [Client thread/WARN]: Unable to play unknown soundEvent: minecraft:dig.grass
[23:19:22] [Client thread/WARN]: Unable to play unknown soundEvent: minecraft:dig.grass
[23:19:27] [Client thread/WARN]: Unable to play unknown soundEvent: minecraft:dig.grass
[23:19:51] [Client thread/WARN]: Unable to play unknown soundEvent: minecraft:dig.grass
[23:19:54] [Client Shutdown Thread/INFO]: Stopping server
